[2025-10-02T23:28:45.481+0000] {local_task_job_runner.py:120} INFO - ::group::Pre task execution logs
[2025-10-02T23:28:45.517+0000] {taskinstance.py:2076} INFO - Dependencies all met for dep_context=non-requeueable deps ti=<TaskInstance: Airflow_Depi.generate_random_number manual__2025-10-02T23:28:35.649018+00:00 [queued]>
[2025-10-02T23:28:45.529+0000] {taskinstance.py:2076} INFO - Dependencies all met for dep_context=requeueable deps ti=<TaskInstance: Airflow_Depi.generate_random_number manual__2025-10-02T23:28:35.649018+00:00 [queued]>
[2025-10-02T23:28:45.530+0000] {taskinstance.py:2306} INFO - Starting attempt 1 of 1
[2025-10-02T23:28:45.561+0000] {taskinstance.py:2330} INFO - Executing <Task(PythonOperator): generate_random_number> on 2025-10-02 23:28:35.649018+00:00
[2025-10-02T23:28:45.570+0000] {warnings.py:112} WARNING - /home/***/.local/lib/python3.12/site-packages/***/task/task_runner/standard_task_runner.py:61: DeprecationWarning: This process (pid=123) is multi-threaded, use of fork() may lead to deadlocks in the child.
  pid = os.fork()

[2025-10-02T23:28:45.574+0000] {standard_task_runner.py:63} INFO - Started process 125 to run task
[2025-10-02T23:28:45.574+0000] {standard_task_runner.py:90} INFO - Running: ['***', 'tasks', 'run', 'Airflow_Depi', 'generate_random_number', 'manual__2025-10-02T23:28:35.649018+00:00', '--job-id', '22', '--raw', '--subdir', 'DAGS_FOLDER/dagTask.py', '--cfg-path', '/tmp/tmpm1ke85zl']
[2025-10-02T23:28:45.578+0000] {standard_task_runner.py:91} INFO - Job 22: Subtask generate_random_number
[2025-10-02T23:28:45.595+0000] {warnings.py:112} WARNING - /home/***/.local/lib/python3.12/site-packages/***/settings.py:195: DeprecationWarning: The sql_alchemy_conn option in [core] has been moved to the sql_alchemy_conn option in [database] - the old setting has been used, but please update your config.
  SQL_ALCHEMY_CONN = conf.get("database", "SQL_ALCHEMY_CONN")

[2025-10-02T23:28:45.666+0000] {task_command.py:426} INFO - Running <TaskInstance: Airflow_Depi.generate_random_number manual__2025-10-02T23:28:35.649018+00:00 [running]> on host 83331e532c26
[2025-10-02T23:28:45.809+0000] {taskinstance.py:2648} INFO - Exporting env vars: AIRFLOW_CTX_DAG_OWNER='***' AIRFLOW_CTX_DAG_ID='Airflow_Depi' AIRFLOW_CTX_TASK_ID='generate_random_number' AIRFLOW_CTX_EXECUTION_DATE='2025-10-02T23:28:35.649018+00:00' AIRFLOW_CTX_TRY_NUMBER='1' AIRFLOW_CTX_DAG_RUN_ID='manual__2025-10-02T23:28:35.649018+00:00'
[2025-10-02T23:28:45.813+0000] {taskinstance.py:430} INFO - ::endgroup::
[2025-10-02T23:28:45.815+0000] {logging_mixin.py:188} INFO - Random number 95 saved to /tmp/random.txt
[2025-10-02T23:28:45.816+0000] {python.py:237} INFO - Done. Returned value was: None
[2025-10-02T23:28:45.817+0000] {taskinstance.py:441} INFO - ::group::Post task execution logs
[2025-10-02T23:28:45.832+0000] {taskinstance.py:1206} INFO - Marking task as SUCCESS. dag_id=Airflow_Depi, task_id=generate_random_number, run_id=manual__2025-10-02T23:28:35.649018+00:00, execution_date=20251002T232835, start_date=20251002T232845, end_date=20251002T232845
[2025-10-02T23:28:45.869+0000] {local_task_job_runner.py:240} INFO - Task exited with return code 0
[2025-10-02T23:28:45.900+0000] {taskinstance.py:3503} INFO - 0 downstream tasks scheduled from follow-on schedule check
[2025-10-02T23:28:45.903+0000] {local_task_job_runner.py:222} INFO - ::endgroup::
