[2025-10-02T23:28:42.024+0000] {local_task_job_runner.py:120} INFO - ::group::Pre task execution logs
[2025-10-02T23:28:42.056+0000] {taskinstance.py:2076} INFO - Dependencies all met for dep_context=non-requeueable deps ti=<TaskInstance: Airflow_Depi.print_welcome manual__2025-10-02T23:28:35.649018+00:00 [queued]>
[2025-10-02T23:28:42.070+0000] {taskinstance.py:2076} INFO - Dependencies all met for dep_context=requeueable deps ti=<TaskInstance: Airflow_Depi.print_welcome manual__2025-10-02T23:28:35.649018+00:00 [queued]>
[2025-10-02T23:28:42.071+0000] {taskinstance.py:2306} INFO - Starting attempt 1 of 1
[2025-10-02T23:28:42.101+0000] {taskinstance.py:2330} INFO - Executing <Task(PythonOperator): print_welcome> on 2025-10-02 23:28:35.649018+00:00
[2025-10-02T23:28:42.114+0000] {warnings.py:112} WARNING - /home/***/.local/lib/python3.12/site-packages/***/task/task_runner/standard_task_runner.py:61: DeprecationWarning: This process (pid=120) is multi-threaded, use of fork() may lead to deadlocks in the child.
  pid = os.fork()

[2025-10-02T23:28:42.117+0000] {standard_task_runner.py:63} INFO - Started process 122 to run task
[2025-10-02T23:28:42.118+0000] {standard_task_runner.py:90} INFO - Running: ['***', 'tasks', 'run', 'Airflow_Depi', 'print_welcome', 'manual__2025-10-02T23:28:35.649018+00:00', '--job-id', '21', '--raw', '--subdir', 'DAGS_FOLDER/dagTask.py', '--cfg-path', '/tmp/tmp2vqw8ly8']
[2025-10-02T23:28:42.123+0000] {standard_task_runner.py:91} INFO - Job 21: Subtask print_welcome
[2025-10-02T23:28:42.142+0000] {warnings.py:112} WARNING - /home/***/.local/lib/python3.12/site-packages/***/settings.py:195: DeprecationWarning: The sql_alchemy_conn option in [core] has been moved to the sql_alchemy_conn option in [database] - the old setting has been used, but please update your config.
  SQL_ALCHEMY_CONN = conf.get("database", "SQL_ALCHEMY_CONN")

[2025-10-02T23:28:42.216+0000] {task_command.py:426} INFO - Running <TaskInstance: Airflow_Depi.print_welcome manual__2025-10-02T23:28:35.649018+00:00 [running]> on host 83331e532c26
[2025-10-02T23:28:42.358+0000] {taskinstance.py:2648} INFO - Exporting env vars: AIRFLOW_CTX_DAG_OWNER='***' AIRFLOW_CTX_DAG_ID='Airflow_Depi' AIRFLOW_CTX_TASK_ID='print_welcome' AIRFLOW_CTX_EXECUTION_DATE='2025-10-02T23:28:35.649018+00:00' AIRFLOW_CTX_TRY_NUMBER='1' AIRFLOW_CTX_DAG_RUN_ID='manual__2025-10-02T23:28:35.649018+00:00'
[2025-10-02T23:28:42.363+0000] {taskinstance.py:430} INFO - ::endgroup::
[2025-10-02T23:28:42.364+0000] {logging_mixin.py:188} INFO - Welcome! My name is Salsabel Osama
[2025-10-02T23:28:42.365+0000] {python.py:237} INFO - Done. Returned value was: None
[2025-10-02T23:28:42.366+0000] {taskinstance.py:441} INFO - ::group::Post task execution logs
[2025-10-02T23:28:42.382+0000] {taskinstance.py:1206} INFO - Marking task as SUCCESS. dag_id=Airflow_Depi, task_id=print_welcome, run_id=manual__2025-10-02T23:28:35.649018+00:00, execution_date=20251002T232835, start_date=20251002T232842, end_date=20251002T232842
[2025-10-02T23:28:42.453+0000] {local_task_job_runner.py:240} INFO - Task exited with return code 0
[2025-10-02T23:28:42.485+0000] {taskinstance.py:3503} INFO - 1 downstream tasks scheduled from follow-on schedule check
[2025-10-02T23:28:42.491+0000] {local_task_job_runner.py:222} INFO - ::endgroup::
