[2025-10-02T22:37:02.971+0000] {local_task_job_runner.py:120} INFO - ::group::Pre task execution logs
[2025-10-02T22:37:03.015+0000] {taskinstance.py:2076} INFO - Dependencies all met for dep_context=non-requeueable deps ti=<TaskInstance: my_first_dag.task_hello scheduled__2025-10-02T22:36:00+00:00 [queued]>
[2025-10-02T22:37:03.031+0000] {taskinstance.py:2076} INFO - Dependencies all met for dep_context=requeueable deps ti=<TaskInstance: my_first_dag.task_hello scheduled__2025-10-02T22:36:00+00:00 [queued]>
[2025-10-02T22:37:03.032+0000] {taskinstance.py:2306} INFO - Starting attempt 1 of 1
[2025-10-02T22:37:03.057+0000] {taskinstance.py:2330} INFO - Executing <Task(BashOperator): task_hello> on 2025-10-02 22:36:00+00:00
[2025-10-02T22:37:03.071+0000] {warnings.py:112} WARNING - /home/***/.local/lib/python3.12/site-packages/***/task/task_runner/standard_task_runner.py:61: DeprecationWarning: This process (pid=90) is multi-threaded, use of fork() may lead to deadlocks in the child.
  pid = os.fork()

[2025-10-02T22:37:03.074+0000] {standard_task_runner.py:63} INFO - Started process 92 to run task
[2025-10-02T22:37:03.075+0000] {standard_task_runner.py:90} INFO - Running: ['***', 'tasks', 'run', 'my_first_dag', 'task_hello', 'scheduled__2025-10-02T22:36:00+00:00', '--job-id', '13', '--raw', '--subdir', 'DAGS_FOLDER/dag1.py', '--cfg-path', '/tmp/tmp769jj4ys']
[2025-10-02T22:37:03.081+0000] {standard_task_runner.py:91} INFO - Job 13: Subtask task_hello
[2025-10-02T22:37:03.101+0000] {warnings.py:112} WARNING - /home/***/.local/lib/python3.12/site-packages/***/settings.py:195: DeprecationWarning: The sql_alchemy_conn option in [core] has been moved to the sql_alchemy_conn option in [database] - the old setting has been used, but please update your config.
  SQL_ALCHEMY_CONN = conf.get("database", "SQL_ALCHEMY_CONN")

[2025-10-02T22:37:03.196+0000] {task_command.py:426} INFO - Running <TaskInstance: my_first_dag.task_hello scheduled__2025-10-02T22:36:00+00:00 [running]> on host 83331e532c26
[2025-10-02T22:37:03.362+0000] {taskinstance.py:2648} INFO - Exporting env vars: AIRFLOW_CTX_DAG_OWNER='***' AIRFLOW_CTX_DAG_ID='my_first_dag' AIRFLOW_CTX_TASK_ID='task_hello' AIRFLOW_CTX_EXECUTION_DATE='2025-10-02T22:36:00+00:00' AIRFLOW_CTX_TRY_NUMBER='1' AIRFLOW_CTX_DAG_RUN_ID='scheduled__2025-10-02T22:36:00+00:00'
[2025-10-02T22:37:03.368+0000] {taskinstance.py:430} INFO - ::endgroup::
[2025-10-02T22:37:03.370+0000] {subprocess.py:63} INFO - Tmp dir root location: /tmp
[2025-10-02T22:37:03.371+0000] {subprocess.py:75} INFO - Running command: ['/usr/bin/bash', '-c', 'echo "My name is Salsabel"']
[2025-10-02T22:37:03.391+0000] {subprocess.py:86} INFO - Output:
[2025-10-02T22:37:03.394+0000] {subprocess.py:93} INFO - My name is Salsabel
[2025-10-02T22:37:03.396+0000] {subprocess.py:97} INFO - Command exited with return code 0
[2025-10-02T22:37:03.397+0000] {taskinstance.py:441} INFO - ::group::Post task execution logs
[2025-10-02T22:37:03.438+0000] {taskinstance.py:1206} INFO - Marking task as SUCCESS. dag_id=my_first_dag, task_id=task_hello, run_id=scheduled__2025-10-02T22:36:00+00:00, execution_date=20251002T223600, start_date=20251002T223703, end_date=20251002T223703
[2025-10-02T22:37:03.491+0000] {local_task_job_runner.py:240} INFO - Task exited with return code 0
[2025-10-02T22:37:03.521+0000] {taskinstance.py:3503} INFO - 0 downstream tasks scheduled from follow-on schedule check
[2025-10-02T22:37:03.525+0000] {local_task_job_runner.py:222} INFO - ::endgroup::
