[2025-10-02T23:24:31.022+0000] {processor.py:161} INFO - Started process (PID=15609) to work on /opt/airflow/dags/dagTask.py
[2025-10-02T23:24:31.024+0000] {processor.py:830} INFO - Processing file /opt/airflow/dags/dagTask.py for tasks to queue
[2025-10-02T23:24:31.026+0000] {logging_mixin.py:188} INFO - [2025-10-02T23:24:31.025+0000] {dagbag.py:545} INFO - Filling up the DagBag from /opt/airflow/dags/dagTask.py
[2025-10-02T23:24:31.074+0000] {processor.py:840} INFO - DAG(s) 'Airflow_Depi' retrieved from /opt/airflow/dags/dagTask.py
[2025-10-02T23:24:31.999+0000] {logging_mixin.py:188} INFO - [2025-10-02T23:24:31.998+0000] {override.py:1829} INFO - Created Permission View: can edit on DAG:Airflow_Depi
[2025-10-02T23:24:32.020+0000] {logging_mixin.py:188} INFO - [2025-10-02T23:24:32.020+0000] {override.py:1829} INFO - Created Permission View: can read on DAG:Airflow_Depi
[2025-10-02T23:24:32.029+0000] {logging_mixin.py:188} INFO - [2025-10-02T23:24:32.029+0000] {override.py:1829} INFO - Created Permission View: can delete on DAG:Airflow_Depi
[2025-10-02T23:24:32.030+0000] {logging_mixin.py:188} INFO - [2025-10-02T23:24:32.030+0000] {dag.py:3096} INFO - Sync 1 DAGs
[2025-10-02T23:24:32.046+0000] {logging_mixin.py:188} INFO - [2025-10-02T23:24:32.045+0000] {dag.py:3118} INFO - Creating ORM DAG for Airflow_Depi
[2025-10-02T23:24:32.059+0000] {logging_mixin.py:188} INFO - [2025-10-02T23:24:32.059+0000] {dag.py:3954} INFO - Setting next_dagrun for Airflow_Depi to 2025-10-03 00:00:00+00:00, run_after=2025-10-03 00:01:00+00:00
[2025-10-02T23:24:32.083+0000] {processor.py:183} INFO - Processing /opt/airflow/dags/dagTask.py took 1.073 seconds
[2025-10-02T23:25:02.232+0000] {processor.py:161} INFO - Started process (PID=15665) to work on /opt/airflow/dags/dagTask.py
[2025-10-02T23:25:02.234+0000] {processor.py:830} INFO - Processing file /opt/airflow/dags/dagTask.py for tasks to queue
[2025-10-02T23:25:02.237+0000] {logging_mixin.py:188} INFO - [2025-10-02T23:25:02.236+0000] {dagbag.py:545} INFO - Filling up the DagBag from /opt/airflow/dags/dagTask.py
[2025-10-02T23:25:02.262+0000] {processor.py:840} INFO - DAG(s) 'Airflow_Depi' retrieved from /opt/airflow/dags/dagTask.py
[2025-10-02T23:25:02.297+0000] {logging_mixin.py:188} INFO - [2025-10-02T23:25:02.297+0000] {dag.py:3096} INFO - Sync 1 DAGs
[2025-10-02T23:25:02.343+0000] {logging_mixin.py:188} INFO - [2025-10-02T23:25:02.343+0000] {dag.py:3954} INFO - Setting next_dagrun for Airflow_Depi to 2025-10-03 00:00:00+00:00, run_after=2025-10-03 00:01:00+00:00
[2025-10-02T23:25:02.382+0000] {processor.py:183} INFO - Processing /opt/airflow/dags/dagTask.py took 0.167 seconds
[2025-10-02T23:25:32.669+0000] {processor.py:161} INFO - Started process (PID=15717) to work on /opt/airflow/dags/dagTask.py
[2025-10-02T23:25:32.671+0000] {processor.py:830} INFO - Processing file /opt/airflow/dags/dagTask.py for tasks to queue
[2025-10-02T23:25:32.673+0000] {logging_mixin.py:188} INFO - [2025-10-02T23:25:32.672+0000] {dagbag.py:545} INFO - Filling up the DagBag from /opt/airflow/dags/dagTask.py
[2025-10-02T23:25:32.697+0000] {processor.py:840} INFO - DAG(s) 'Airflow_Depi' retrieved from /opt/airflow/dags/dagTask.py
[2025-10-02T23:25:32.729+0000] {logging_mixin.py:188} INFO - [2025-10-02T23:25:32.728+0000] {dag.py:3096} INFO - Sync 1 DAGs
[2025-10-02T23:25:32.766+0000] {logging_mixin.py:188} INFO - [2025-10-02T23:25:32.766+0000] {dag.py:3954} INFO - Setting next_dagrun for Airflow_Depi to 2025-10-03 00:00:00+00:00, run_after=2025-10-03 00:01:00+00:00
[2025-10-02T23:25:33.004+0000] {processor.py:183} INFO - Processing /opt/airflow/dags/dagTask.py took 0.346 seconds
[2025-10-02T23:25:54.014+0000] {processor.py:161} INFO - Started process (PID=15758) to work on /opt/airflow/dags/dagTask.py
[2025-10-02T23:25:54.017+0000] {processor.py:830} INFO - Processing file /opt/airflow/dags/dagTask.py for tasks to queue
[2025-10-02T23:25:54.019+0000] {logging_mixin.py:188} INFO - [2025-10-02T23:25:54.018+0000] {dagbag.py:545} INFO - Filling up the DagBag from /opt/airflow/dags/dagTask.py
[2025-10-02T23:25:54.069+0000] {logging_mixin.py:188} INFO - [2025-10-02T23:25:54.052+0000] {dagbag.py:355} ERROR - Failed to import: /opt/airflow/dags/dagTask.py
Traceback (most recent call last):
  File "/home/airflow/.local/lib/python3.12/site-packages/airflow/models/dagbag.py", line 351, in parse
    loader.exec_module(new_module)
  File "<frozen importlib._bootstrap_external>", line 995, in exec_module
  File "<frozen importlib._bootstrap>", line 488, in _call_with_frames_removed
  File "/opt/airflow/dags/dagTask.py", line 20, in <module>
    start_date=datetime(2025,10 , ),
               ^^^^^^^^^^^^^^^^^^^^
TypeError: function missing required argument 'day' (pos 3)
[2025-10-02T23:25:54.072+0000] {processor.py:842} WARNING - No viable dags retrieved from /opt/airflow/dags/dagTask.py
[2025-10-02T23:25:54.103+0000] {processor.py:183} INFO - Processing /opt/airflow/dags/dagTask.py took 0.120 seconds
[2025-10-02T23:25:58.779+0000] {processor.py:161} INFO - Started process (PID=15765) to work on /opt/airflow/dags/dagTask.py
[2025-10-02T23:25:58.781+0000] {processor.py:830} INFO - Processing file /opt/airflow/dags/dagTask.py for tasks to queue
[2025-10-02T23:25:58.783+0000] {logging_mixin.py:188} INFO - [2025-10-02T23:25:58.782+0000] {dagbag.py:545} INFO - Filling up the DagBag from /opt/airflow/dags/dagTask.py
[2025-10-02T23:25:58.825+0000] {processor.py:840} INFO - DAG(s) 'Airflow_Depi' retrieved from /opt/airflow/dags/dagTask.py
[2025-10-02T23:25:59.197+0000] {logging_mixin.py:188} INFO - [2025-10-02T23:25:59.196+0000] {dag.py:3096} INFO - Sync 1 DAGs
[2025-10-02T23:25:59.211+0000] {logging_mixin.py:188} INFO - [2025-10-02T23:25:59.210+0000] {dag.py:3954} INFO - Setting next_dagrun for Airflow_Depi to None, run_after=None
[2025-10-02T23:25:59.257+0000] {processor.py:183} INFO - Processing /opt/airflow/dags/dagTask.py took 0.487 seconds
[2025-10-02T23:26:01.802+0000] {processor.py:161} INFO - Started process (PID=15772) to work on /opt/airflow/dags/dagTask.py
[2025-10-02T23:26:01.803+0000] {processor.py:830} INFO - Processing file /opt/airflow/dags/dagTask.py for tasks to queue
[2025-10-02T23:26:01.805+0000] {logging_mixin.py:188} INFO - [2025-10-02T23:26:01.805+0000] {dagbag.py:545} INFO - Filling up the DagBag from /opt/airflow/dags/dagTask.py
[2025-10-02T23:26:01.839+0000] {logging_mixin.py:188} INFO - [2025-10-02T23:26:01.833+0000] {dagbag.py:355} ERROR - Failed to import: /opt/airflow/dags/dagTask.py
Traceback (most recent call last):
  File "/home/airflow/.local/lib/python3.12/site-packages/airflow/models/dagbag.py", line 351, in parse
    loader.exec_module(new_module)
  File "<frozen importlib._bootstrap_external>", line 995, in exec_module
  File "<frozen importlib._bootstrap>", line 488, in _call_with_frames_removed
  File "/opt/airflow/dags/dagTask.py", line 17, in <module>
    zzz
NameError: name 'zzz' is not defined
[2025-10-02T23:26:01.843+0000] {processor.py:842} WARNING - No viable dags retrieved from /opt/airflow/dags/dagTask.py
[2025-10-02T23:26:01.875+0000] {processor.py:183} INFO - Processing /opt/airflow/dags/dagTask.py took 0.084 seconds
[2025-10-02T23:26:05.647+0000] {processor.py:161} INFO - Started process (PID=15786) to work on /opt/airflow/dags/dagTask.py
[2025-10-02T23:26:05.650+0000] {processor.py:830} INFO - Processing file /opt/airflow/dags/dagTask.py for tasks to queue
[2025-10-02T23:26:05.653+0000] {logging_mixin.py:188} INFO - [2025-10-02T23:26:05.652+0000] {dagbag.py:545} INFO - Filling up the DagBag from /opt/airflow/dags/dagTask.py
[2025-10-02T23:26:05.743+0000] {processor.py:840} INFO - DAG(s) 'Airflow_Depi' retrieved from /opt/airflow/dags/dagTask.py
[2025-10-02T23:26:05.777+0000] {logging_mixin.py:188} INFO - [2025-10-02T23:26:05.776+0000] {dag.py:3096} INFO - Sync 1 DAGs
[2025-10-02T23:26:05.802+0000] {logging_mixin.py:188} INFO - [2025-10-02T23:26:05.801+0000] {dag.py:3954} INFO - Setting next_dagrun for Airflow_Depi to None, run_after=None
[2025-10-02T23:26:05.844+0000] {processor.py:183} INFO - Processing /opt/airflow/dags/dagTask.py took 0.208 seconds
[2025-10-02T23:26:36.425+0000] {processor.py:161} INFO - Started process (PID=15838) to work on /opt/airflow/dags/dagTask.py
[2025-10-02T23:26:36.428+0000] {processor.py:830} INFO - Processing file /opt/airflow/dags/dagTask.py for tasks to queue
[2025-10-02T23:26:36.431+0000] {logging_mixin.py:188} INFO - [2025-10-02T23:26:36.430+0000] {dagbag.py:545} INFO - Filling up the DagBag from /opt/airflow/dags/dagTask.py
[2025-10-02T23:26:36.480+0000] {processor.py:840} INFO - DAG(s) 'Airflow_Depi' retrieved from /opt/airflow/dags/dagTask.py
[2025-10-02T23:26:36.515+0000] {logging_mixin.py:188} INFO - [2025-10-02T23:26:36.515+0000] {dag.py:3096} INFO - Sync 1 DAGs
[2025-10-02T23:26:36.536+0000] {logging_mixin.py:188} INFO - [2025-10-02T23:26:36.535+0000] {dag.py:3954} INFO - Setting next_dagrun for Airflow_Depi to None, run_after=None
[2025-10-02T23:26:36.571+0000] {processor.py:183} INFO - Processing /opt/airflow/dags/dagTask.py took 0.169 seconds
[2025-10-02T23:27:07.109+0000] {processor.py:161} INFO - Started process (PID=15892) to work on /opt/airflow/dags/dagTask.py
[2025-10-02T23:27:07.110+0000] {processor.py:830} INFO - Processing file /opt/airflow/dags/dagTask.py for tasks to queue
[2025-10-02T23:27:07.112+0000] {logging_mixin.py:188} INFO - [2025-10-02T23:27:07.111+0000] {dagbag.py:545} INFO - Filling up the DagBag from /opt/airflow/dags/dagTask.py
[2025-10-02T23:27:07.141+0000] {processor.py:840} INFO - DAG(s) 'Airflow_Depi' retrieved from /opt/airflow/dags/dagTask.py
[2025-10-02T23:27:07.175+0000] {logging_mixin.py:188} INFO - [2025-10-02T23:27:07.174+0000] {dag.py:3096} INFO - Sync 1 DAGs
[2025-10-02T23:27:07.195+0000] {logging_mixin.py:188} INFO - [2025-10-02T23:27:07.195+0000] {dag.py:3954} INFO - Setting next_dagrun for Airflow_Depi to None, run_after=None
[2025-10-02T23:27:07.232+0000] {processor.py:183} INFO - Processing /opt/airflow/dags/dagTask.py took 0.134 seconds
[2025-10-02T23:27:37.506+0000] {processor.py:161} INFO - Started process (PID=15946) to work on /opt/airflow/dags/dagTask.py
[2025-10-02T23:27:37.508+0000] {processor.py:830} INFO - Processing file /opt/airflow/dags/dagTask.py for tasks to queue
[2025-10-02T23:27:37.509+0000] {logging_mixin.py:188} INFO - [2025-10-02T23:27:37.509+0000] {dagbag.py:545} INFO - Filling up the DagBag from /opt/airflow/dags/dagTask.py
[2025-10-02T23:27:37.541+0000] {processor.py:840} INFO - DAG(s) 'Airflow_Depi' retrieved from /opt/airflow/dags/dagTask.py
[2025-10-02T23:27:37.574+0000] {logging_mixin.py:188} INFO - [2025-10-02T23:27:37.573+0000] {dag.py:3096} INFO - Sync 1 DAGs
[2025-10-02T23:27:37.598+0000] {logging_mixin.py:188} INFO - [2025-10-02T23:27:37.598+0000] {dag.py:3954} INFO - Setting next_dagrun for Airflow_Depi to None, run_after=None
[2025-10-02T23:27:37.635+0000] {processor.py:183} INFO - Processing /opt/airflow/dags/dagTask.py took 0.138 seconds
[2025-10-02T23:28:07.948+0000] {processor.py:161} INFO - Started process (PID=16000) to work on /opt/airflow/dags/dagTask.py
[2025-10-02T23:28:07.950+0000] {processor.py:830} INFO - Processing file /opt/airflow/dags/dagTask.py for tasks to queue
[2025-10-02T23:28:07.951+0000] {logging_mixin.py:188} INFO - [2025-10-02T23:28:07.951+0000] {dagbag.py:545} INFO - Filling up the DagBag from /opt/airflow/dags/dagTask.py
[2025-10-02T23:28:07.981+0000] {processor.py:840} INFO - DAG(s) 'Airflow_Depi' retrieved from /opt/airflow/dags/dagTask.py
[2025-10-02T23:28:08.021+0000] {logging_mixin.py:188} INFO - [2025-10-02T23:28:08.020+0000] {dag.py:3096} INFO - Sync 1 DAGs
[2025-10-02T23:28:08.246+0000] {logging_mixin.py:188} INFO - [2025-10-02T23:28:08.246+0000] {dag.py:3954} INFO - Setting next_dagrun for Airflow_Depi to None, run_after=None
[2025-10-02T23:28:08.279+0000] {processor.py:183} INFO - Processing /opt/airflow/dags/dagTask.py took 0.343 seconds
[2025-10-02T23:28:26.238+0000] {processor.py:161} INFO - Started process (PID=16031) to work on /opt/airflow/dags/dagTask.py
[2025-10-02T23:28:26.241+0000] {processor.py:830} INFO - Processing file /opt/airflow/dags/dagTask.py for tasks to queue
[2025-10-02T23:28:26.244+0000] {logging_mixin.py:188} INFO - [2025-10-02T23:28:26.243+0000] {dagbag.py:545} INFO - Filling up the DagBag from /opt/airflow/dags/dagTask.py
[2025-10-02T23:28:26.488+0000] {processor.py:840} INFO - DAG(s) 'Airflow_Depi' retrieved from /opt/airflow/dags/dagTask.py
[2025-10-02T23:28:26.654+0000] {logging_mixin.py:188} INFO - [2025-10-02T23:28:26.654+0000] {dag.py:3096} INFO - Sync 1 DAGs
[2025-10-02T23:28:26.668+0000] {logging_mixin.py:188} INFO - [2025-10-02T23:28:26.667+0000] {dag.py:3954} INFO - Setting next_dagrun for Airflow_Depi to None, run_after=None
[2025-10-02T23:28:26.709+0000] {processor.py:183} INFO - Processing /opt/airflow/dags/dagTask.py took 0.512 seconds
[2025-10-02T23:28:27.626+0000] {processor.py:161} INFO - Started process (PID=16032) to work on /opt/airflow/dags/dagTask.py
[2025-10-02T23:28:27.627+0000] {processor.py:830} INFO - Processing file /opt/airflow/dags/dagTask.py for tasks to queue
[2025-10-02T23:28:27.630+0000] {logging_mixin.py:188} INFO - [2025-10-02T23:28:27.629+0000] {dagbag.py:545} INFO - Filling up the DagBag from /opt/airflow/dags/dagTask.py
[2025-10-02T23:28:27.697+0000] {processor.py:840} INFO - DAG(s) 'Airflow_Depi' retrieved from /opt/airflow/dags/dagTask.py
[2025-10-02T23:28:27.722+0000] {logging_mixin.py:188} INFO - [2025-10-02T23:28:27.722+0000] {dag.py:3096} INFO - Sync 1 DAGs
[2025-10-02T23:28:27.740+0000] {logging_mixin.py:188} INFO - [2025-10-02T23:28:27.740+0000] {dag.py:3954} INFO - Setting next_dagrun for Airflow_Depi to None, run_after=None
[2025-10-02T23:28:27.777+0000] {processor.py:183} INFO - Processing /opt/airflow/dags/dagTask.py took 0.420 seconds
[2025-10-02T23:28:30.006+0000] {processor.py:161} INFO - Started process (PID=16033) to work on /opt/airflow/dags/dagTask.py
[2025-10-02T23:28:30.009+0000] {processor.py:830} INFO - Processing file /opt/airflow/dags/dagTask.py for tasks to queue
[2025-10-02T23:28:30.013+0000] {logging_mixin.py:188} INFO - [2025-10-02T23:28:30.012+0000] {dagbag.py:545} INFO - Filling up the DagBag from /opt/airflow/dags/dagTask.py
[2025-10-02T23:28:30.101+0000] {processor.py:840} INFO - DAG(s) 'Airflow_Depi' retrieved from /opt/airflow/dags/dagTask.py
[2025-10-02T23:28:30.136+0000] {logging_mixin.py:188} INFO - [2025-10-02T23:28:30.136+0000] {dag.py:3096} INFO - Sync 1 DAGs
[2025-10-02T23:28:30.176+0000] {logging_mixin.py:188} INFO - [2025-10-02T23:28:30.176+0000] {dag.py:3954} INFO - Setting next_dagrun for Airflow_Depi to None, run_after=None
[2025-10-02T23:28:30.220+0000] {processor.py:183} INFO - Processing /opt/airflow/dags/dagTask.py took 0.233 seconds
[2025-10-02T23:29:00.852+0000] {processor.py:161} INFO - Started process (PID=16087) to work on /opt/airflow/dags/dagTask.py
[2025-10-02T23:29:00.853+0000] {processor.py:830} INFO - Processing file /opt/airflow/dags/dagTask.py for tasks to queue
[2025-10-02T23:29:00.858+0000] {logging_mixin.py:188} INFO - [2025-10-02T23:29:00.858+0000] {dagbag.py:545} INFO - Filling up the DagBag from /opt/airflow/dags/dagTask.py
[2025-10-02T23:29:00.908+0000] {processor.py:840} INFO - DAG(s) 'Airflow_Depi' retrieved from /opt/airflow/dags/dagTask.py
[2025-10-02T23:29:01.071+0000] {logging_mixin.py:188} INFO - [2025-10-02T23:29:01.071+0000] {dag.py:3096} INFO - Sync 1 DAGs
[2025-10-02T23:29:01.086+0000] {logging_mixin.py:188} INFO - [2025-10-02T23:29:01.086+0000] {dag.py:3954} INFO - Setting next_dagrun for Airflow_Depi to None, run_after=None
[2025-10-02T23:29:01.115+0000] {processor.py:183} INFO - Processing /opt/airflow/dags/dagTask.py took 0.283 seconds
[2025-10-02T23:29:31.302+0000] {processor.py:161} INFO - Started process (PID=16141) to work on /opt/airflow/dags/dagTask.py
[2025-10-02T23:29:31.304+0000] {processor.py:830} INFO - Processing file /opt/airflow/dags/dagTask.py for tasks to queue
[2025-10-02T23:29:31.306+0000] {logging_mixin.py:188} INFO - [2025-10-02T23:29:31.306+0000] {dagbag.py:545} INFO - Filling up the DagBag from /opt/airflow/dags/dagTask.py
[2025-10-02T23:29:31.338+0000] {processor.py:840} INFO - DAG(s) 'Airflow_Depi' retrieved from /opt/airflow/dags/dagTask.py
[2025-10-02T23:29:31.392+0000] {logging_mixin.py:188} INFO - [2025-10-02T23:29:31.391+0000] {dag.py:3096} INFO - Sync 1 DAGs
[2025-10-02T23:29:31.433+0000] {logging_mixin.py:188} INFO - [2025-10-02T23:29:31.432+0000] {dag.py:3954} INFO - Setting next_dagrun for Airflow_Depi to None, run_after=None
[2025-10-02T23:29:31.535+0000] {processor.py:183} INFO - Processing /opt/airflow/dags/dagTask.py took 0.252 seconds
[2025-10-02T23:30:01.719+0000] {processor.py:161} INFO - Started process (PID=16195) to work on /opt/airflow/dags/dagTask.py
[2025-10-02T23:30:01.722+0000] {processor.py:830} INFO - Processing file /opt/airflow/dags/dagTask.py for tasks to queue
[2025-10-02T23:30:01.725+0000] {logging_mixin.py:188} INFO - [2025-10-02T23:30:01.725+0000] {dagbag.py:545} INFO - Filling up the DagBag from /opt/airflow/dags/dagTask.py
[2025-10-02T23:30:01.865+0000] {processor.py:840} INFO - DAG(s) 'Airflow_Depi' retrieved from /opt/airflow/dags/dagTask.py
[2025-10-02T23:30:01.989+0000] {logging_mixin.py:188} INFO - [2025-10-02T23:30:01.988+0000] {dag.py:3096} INFO - Sync 1 DAGs
[2025-10-02T23:30:02.033+0000] {logging_mixin.py:188} INFO - [2025-10-02T23:30:02.033+0000] {dag.py:3954} INFO - Setting next_dagrun for Airflow_Depi to None, run_after=None
[2025-10-02T23:30:02.066+0000] {processor.py:183} INFO - Processing /opt/airflow/dags/dagTask.py took 0.379 seconds
[2025-10-02T23:30:32.459+0000] {processor.py:161} INFO - Started process (PID=16249) to work on /opt/airflow/dags/dagTask.py
[2025-10-02T23:30:32.463+0000] {processor.py:830} INFO - Processing file /opt/airflow/dags/dagTask.py for tasks to queue
[2025-10-02T23:30:32.465+0000] {logging_mixin.py:188} INFO - [2025-10-02T23:30:32.465+0000] {dagbag.py:545} INFO - Filling up the DagBag from /opt/airflow/dags/dagTask.py
[2025-10-02T23:30:32.490+0000] {processor.py:840} INFO - DAG(s) 'Airflow_Depi' retrieved from /opt/airflow/dags/dagTask.py
[2025-10-02T23:30:32.523+0000] {logging_mixin.py:188} INFO - [2025-10-02T23:30:32.523+0000] {dag.py:3096} INFO - Sync 1 DAGs
[2025-10-02T23:30:32.552+0000] {logging_mixin.py:188} INFO - [2025-10-02T23:30:32.551+0000] {dag.py:3954} INFO - Setting next_dagrun for Airflow_Depi to None, run_after=None
[2025-10-02T23:30:32.612+0000] {processor.py:183} INFO - Processing /opt/airflow/dags/dagTask.py took 0.176 seconds
[2025-10-02T23:31:03.010+0000] {processor.py:161} INFO - Started process (PID=16303) to work on /opt/airflow/dags/dagTask.py
[2025-10-02T23:31:03.011+0000] {processor.py:830} INFO - Processing file /opt/airflow/dags/dagTask.py for tasks to queue
[2025-10-02T23:31:03.013+0000] {logging_mixin.py:188} INFO - [2025-10-02T23:31:03.012+0000] {dagbag.py:545} INFO - Filling up the DagBag from /opt/airflow/dags/dagTask.py
[2025-10-02T23:31:03.043+0000] {processor.py:840} INFO - DAG(s) 'Airflow_Depi' retrieved from /opt/airflow/dags/dagTask.py
[2025-10-02T23:31:03.076+0000] {logging_mixin.py:188} INFO - [2025-10-02T23:31:03.075+0000] {dag.py:3096} INFO - Sync 1 DAGs
[2025-10-02T23:31:03.096+0000] {logging_mixin.py:188} INFO - [2025-10-02T23:31:03.096+0000] {dag.py:3954} INFO - Setting next_dagrun for Airflow_Depi to None, run_after=None
[2025-10-02T23:31:03.135+0000] {processor.py:183} INFO - Processing /opt/airflow/dags/dagTask.py took 0.138 seconds
[2025-10-02T23:31:33.304+0000] {processor.py:161} INFO - Started process (PID=16357) to work on /opt/airflow/dags/dagTask.py
[2025-10-02T23:31:33.306+0000] {processor.py:830} INFO - Processing file /opt/airflow/dags/dagTask.py for tasks to queue
[2025-10-02T23:31:33.308+0000] {logging_mixin.py:188} INFO - [2025-10-02T23:31:33.307+0000] {dagbag.py:545} INFO - Filling up the DagBag from /opt/airflow/dags/dagTask.py
[2025-10-02T23:31:33.338+0000] {processor.py:840} INFO - DAG(s) 'Airflow_Depi' retrieved from /opt/airflow/dags/dagTask.py
[2025-10-02T23:31:33.370+0000] {logging_mixin.py:188} INFO - [2025-10-02T23:31:33.370+0000] {dag.py:3096} INFO - Sync 1 DAGs
[2025-10-02T23:31:33.392+0000] {logging_mixin.py:188} INFO - [2025-10-02T23:31:33.391+0000] {dag.py:3954} INFO - Setting next_dagrun for Airflow_Depi to None, run_after=None
[2025-10-02T23:31:33.424+0000] {processor.py:183} INFO - Processing /opt/airflow/dags/dagTask.py took 0.133 seconds
[2025-10-02T23:32:03.599+0000] {processor.py:161} INFO - Started process (PID=16411) to work on /opt/airflow/dags/dagTask.py
[2025-10-02T23:32:03.601+0000] {processor.py:830} INFO - Processing file /opt/airflow/dags/dagTask.py for tasks to queue
[2025-10-02T23:32:03.603+0000] {logging_mixin.py:188} INFO - [2025-10-02T23:32:03.602+0000] {dagbag.py:545} INFO - Filling up the DagBag from /opt/airflow/dags/dagTask.py
[2025-10-02T23:32:03.639+0000] {processor.py:840} INFO - DAG(s) 'Airflow_Depi' retrieved from /opt/airflow/dags/dagTask.py
[2025-10-02T23:32:03.670+0000] {logging_mixin.py:188} INFO - [2025-10-02T23:32:03.670+0000] {dag.py:3096} INFO - Sync 1 DAGs
[2025-10-02T23:32:03.692+0000] {logging_mixin.py:188} INFO - [2025-10-02T23:32:03.691+0000] {dag.py:3954} INFO - Setting next_dagrun for Airflow_Depi to None, run_after=None
[2025-10-02T23:32:03.729+0000] {processor.py:183} INFO - Processing /opt/airflow/dags/dagTask.py took 0.141 seconds
[2025-10-02T23:32:34.700+0000] {processor.py:161} INFO - Started process (PID=16465) to work on /opt/airflow/dags/dagTask.py
[2025-10-02T23:32:34.702+0000] {processor.py:830} INFO - Processing file /opt/airflow/dags/dagTask.py for tasks to queue
[2025-10-02T23:32:34.706+0000] {logging_mixin.py:188} INFO - [2025-10-02T23:32:34.705+0000] {dagbag.py:545} INFO - Filling up the DagBag from /opt/airflow/dags/dagTask.py
[2025-10-02T23:32:34.746+0000] {processor.py:840} INFO - DAG(s) 'Airflow_Depi' retrieved from /opt/airflow/dags/dagTask.py
[2025-10-02T23:32:34.797+0000] {logging_mixin.py:188} INFO - [2025-10-02T23:32:34.796+0000] {dag.py:3096} INFO - Sync 1 DAGs
[2025-10-02T23:32:34.828+0000] {logging_mixin.py:188} INFO - [2025-10-02T23:32:34.828+0000] {dag.py:3954} INFO - Setting next_dagrun for Airflow_Depi to None, run_after=None
[2025-10-02T23:32:34.887+0000] {processor.py:183} INFO - Processing /opt/airflow/dags/dagTask.py took 0.204 seconds
[2025-10-02T23:32:57.837+0000] {processor.py:161} INFO - Started process (PID=16519) to work on /opt/airflow/dags/dagTask.py
[2025-10-02T23:32:57.841+0000] {processor.py:830} INFO - Processing file /opt/airflow/dags/dagTask.py for tasks to queue
[2025-10-02T23:32:57.844+0000] {logging_mixin.py:188} INFO - [2025-10-02T23:32:57.843+0000] {dagbag.py:545} INFO - Filling up the DagBag from /opt/airflow/dags/dagTask.py
[2025-10-02T23:32:57.898+0000] {processor.py:840} INFO - DAG(s) 'Airflow_Depi' retrieved from /opt/airflow/dags/dagTask.py
[2025-10-02T23:32:57.930+0000] {logging_mixin.py:188} INFO - [2025-10-02T23:32:57.929+0000] {dag.py:3096} INFO - Sync 1 DAGs
[2025-10-02T23:32:57.955+0000] {logging_mixin.py:188} INFO - [2025-10-02T23:32:57.954+0000] {dag.py:3954} INFO - Setting next_dagrun for Airflow_Depi to None, run_after=None
[2025-10-02T23:32:57.993+0000] {processor.py:183} INFO - Processing /opt/airflow/dags/dagTask.py took 0.177 seconds
[2025-10-02T23:32:59.940+0000] {processor.py:161} INFO - Started process (PID=16520) to work on /opt/airflow/dags/dagTask.py
[2025-10-02T23:32:59.942+0000] {processor.py:830} INFO - Processing file /opt/airflow/dags/dagTask.py for tasks to queue
[2025-10-02T23:32:59.944+0000] {logging_mixin.py:188} INFO - [2025-10-02T23:32:59.943+0000] {dagbag.py:545} INFO - Filling up the DagBag from /opt/airflow/dags/dagTask.py
[2025-10-02T23:32:59.997+0000] {processor.py:840} INFO - DAG(s) 'Airflow_Depi' retrieved from /opt/airflow/dags/dagTask.py
[2025-10-02T23:33:00.042+0000] {logging_mixin.py:188} INFO - [2025-10-02T23:33:00.042+0000] {dag.py:3096} INFO - Sync 1 DAGs
[2025-10-02T23:33:00.063+0000] {logging_mixin.py:188} INFO - [2025-10-02T23:33:00.063+0000] {dag.py:3954} INFO - Setting next_dagrun for Airflow_Depi to None, run_after=None
[2025-10-02T23:33:00.110+0000] {processor.py:183} INFO - Processing /opt/airflow/dags/dagTask.py took 0.182 seconds
[2025-10-02T23:33:05.197+0000] {processor.py:161} INFO - Started process (PID=16521) to work on /opt/airflow/dags/dagTask.py
[2025-10-02T23:33:05.199+0000] {processor.py:830} INFO - Processing file /opt/airflow/dags/dagTask.py for tasks to queue
[2025-10-02T23:33:05.202+0000] {logging_mixin.py:188} INFO - [2025-10-02T23:33:05.201+0000] {dagbag.py:545} INFO - Filling up the DagBag from /opt/airflow/dags/dagTask.py
[2025-10-02T23:33:05.243+0000] {processor.py:840} INFO - DAG(s) 'Airflow_Depi' retrieved from /opt/airflow/dags/dagTask.py
[2025-10-02T23:33:05.287+0000] {logging_mixin.py:188} INFO - [2025-10-02T23:33:05.286+0000] {dag.py:3096} INFO - Sync 1 DAGs
[2025-10-02T23:33:05.310+0000] {logging_mixin.py:188} INFO - [2025-10-02T23:33:05.310+0000] {dag.py:3954} INFO - Setting next_dagrun for Airflow_Depi to None, run_after=None
[2025-10-02T23:33:05.351+0000] {processor.py:183} INFO - Processing /opt/airflow/dags/dagTask.py took 0.172 seconds
[2025-10-02T23:33:08.323+0000] {processor.py:161} INFO - Started process (PID=16530) to work on /opt/airflow/dags/dagTask.py
[2025-10-02T23:33:08.325+0000] {processor.py:830} INFO - Processing file /opt/airflow/dags/dagTask.py for tasks to queue
[2025-10-02T23:33:08.326+0000] {logging_mixin.py:188} INFO - [2025-10-02T23:33:08.326+0000] {dagbag.py:545} INFO - Filling up the DagBag from /opt/airflow/dags/dagTask.py
[2025-10-02T23:33:08.382+0000] {processor.py:840} INFO - DAG(s) 'Airflow_Depi' retrieved from /opt/airflow/dags/dagTask.py
[2025-10-02T23:33:08.414+0000] {logging_mixin.py:188} INFO - [2025-10-02T23:33:08.414+0000] {dag.py:3096} INFO - Sync 1 DAGs
[2025-10-02T23:33:08.442+0000] {logging_mixin.py:188} INFO - [2025-10-02T23:33:08.441+0000] {dag.py:3954} INFO - Setting next_dagrun for Airflow_Depi to None, run_after=None
[2025-10-02T23:33:08.482+0000] {processor.py:183} INFO - Processing /opt/airflow/dags/dagTask.py took 0.169 seconds
[2025-10-02T23:33:20.443+0000] {processor.py:161} INFO - Started process (PID=16571) to work on /opt/airflow/dags/dagTask.py
[2025-10-02T23:33:20.445+0000] {processor.py:830} INFO - Processing file /opt/airflow/dags/dagTask.py for tasks to queue
[2025-10-02T23:33:20.446+0000] {logging_mixin.py:188} INFO - [2025-10-02T23:33:20.446+0000] {dagbag.py:545} INFO - Filling up the DagBag from /opt/airflow/dags/dagTask.py
[2025-10-02T23:33:20.492+0000] {processor.py:840} INFO - DAG(s) 'Airflow_Depi' retrieved from /opt/airflow/dags/dagTask.py
[2025-10-02T23:33:20.532+0000] {logging_mixin.py:188} INFO - [2025-10-02T23:33:20.532+0000] {dag.py:3096} INFO - Sync 1 DAGs
[2025-10-02T23:33:20.556+0000] {logging_mixin.py:188} INFO - [2025-10-02T23:33:20.556+0000] {dag.py:3954} INFO - Setting next_dagrun for Airflow_Depi to None, run_after=None
[2025-10-02T23:33:20.590+0000] {processor.py:183} INFO - Processing /opt/airflow/dags/dagTask.py took 0.161 seconds
[2025-10-02T23:33:28.549+0000] {processor.py:161} INFO - Started process (PID=16577) to work on /opt/airflow/dags/dagTask.py
[2025-10-02T23:33:28.551+0000] {processor.py:830} INFO - Processing file /opt/airflow/dags/dagTask.py for tasks to queue
[2025-10-02T23:33:28.553+0000] {logging_mixin.py:188} INFO - [2025-10-02T23:33:28.553+0000] {dagbag.py:545} INFO - Filling up the DagBag from /opt/airflow/dags/dagTask.py
[2025-10-02T23:33:28.576+0000] {logging_mixin.py:188} INFO - [2025-10-02T23:33:28.574+0000] {dagbag.py:355} ERROR - Failed to import: /opt/airflow/dags/dagTask.py
Traceback (most recent call last):
  File "/home/airflow/.local/lib/python3.12/site-packages/airflow/models/dagbag.py", line 351, in parse
    loader.exec_module(new_module)
  File "<frozen importlib._bootstrap_external>", line 991, in exec_module
  File "<frozen importlib._bootstrap_external>", line 1129, in get_code
  File "<frozen importlib._bootstrap_external>", line 1059, in source_to_code
  File "<frozen importlib._bootstrap>", line 488, in _call_with_frames_removed
  File "/opt/airflow/dags/dagTask.py", line 9
    def
       ^
SyntaxError: invalid syntax
[2025-10-02T23:33:28.577+0000] {processor.py:842} WARNING - No viable dags retrieved from /opt/airflow/dags/dagTask.py
[2025-10-02T23:33:28.607+0000] {processor.py:183} INFO - Processing /opt/airflow/dags/dagTask.py took 0.081 seconds
[2025-10-02T23:33:29.682+0000] {processor.py:161} INFO - Started process (PID=16578) to work on /opt/airflow/dags/dagTask.py
[2025-10-02T23:33:29.684+0000] {processor.py:830} INFO - Processing file /opt/airflow/dags/dagTask.py for tasks to queue
[2025-10-02T23:33:29.686+0000] {logging_mixin.py:188} INFO - [2025-10-02T23:33:29.686+0000] {dagbag.py:545} INFO - Filling up the DagBag from /opt/airflow/dags/dagTask.py
[2025-10-02T23:33:29.740+0000] {logging_mixin.py:188} INFO - [2025-10-02T23:33:29.737+0000] {dagbag.py:355} ERROR - Failed to import: /opt/airflow/dags/dagTask.py
Traceback (most recent call last):
  File "/home/airflow/.local/lib/python3.12/site-packages/airflow/models/dagbag.py", line 351, in parse
    loader.exec_module(new_module)
  File "<frozen importlib._bootstrap_external>", line 991, in exec_module
  File "<frozen importlib._bootstrap_external>", line 1129, in get_code
  File "<frozen importlib._bootstrap_external>", line 1059, in source_to_code
  File "<frozen importlib._bootstrap>", line 488, in _call_with_frames_removed
  File "/opt/airflow/dags/dagTask.py", line 9
    def 
        ^
SyntaxError: invalid syntax
[2025-10-02T23:33:29.742+0000] {processor.py:842} WARNING - No viable dags retrieved from /opt/airflow/dags/dagTask.py
[2025-10-02T23:33:29.795+0000] {processor.py:183} INFO - Processing /opt/airflow/dags/dagTask.py took 0.126 seconds
[2025-10-02T23:33:32.846+0000] {processor.py:161} INFO - Started process (PID=16579) to work on /opt/airflow/dags/dagTask.py
[2025-10-02T23:33:32.852+0000] {processor.py:830} INFO - Processing file /opt/airflow/dags/dagTask.py for tasks to queue
[2025-10-02T23:33:32.861+0000] {logging_mixin.py:188} INFO - [2025-10-02T23:33:32.856+0000] {dagbag.py:545} INFO - Filling up the DagBag from /opt/airflow/dags/dagTask.py
[2025-10-02T23:33:32.946+0000] {logging_mixin.py:188} INFO - [2025-10-02T23:33:32.944+0000] {dagbag.py:355} ERROR - Failed to import: /opt/airflow/dags/dagTask.py
Traceback (most recent call last):
  File "/home/airflow/.local/lib/python3.12/site-packages/airflow/models/dagbag.py", line 351, in parse
    loader.exec_module(new_module)
  File "<frozen importlib._bootstrap_external>", line 991, in exec_module
  File "<frozen importlib._bootstrap_external>", line 1129, in get_code
  File "<frozen importlib._bootstrap_external>", line 1059, in source_to_code
  File "<frozen importlib._bootstrap>", line 488, in _call_with_frames_removed
  File "/opt/airflow/dags/dagTask.py", line 9
    def he
          ^
SyntaxError: expected '('
[2025-10-02T23:33:32.947+0000] {processor.py:842} WARNING - No viable dags retrieved from /opt/airflow/dags/dagTask.py
[2025-10-02T23:33:32.986+0000] {processor.py:183} INFO - Processing /opt/airflow/dags/dagTask.py took 0.175 seconds
[2025-10-02T23:33:33.982+0000] {processor.py:161} INFO - Started process (PID=16580) to work on /opt/airflow/dags/dagTask.py
[2025-10-02T23:33:33.984+0000] {processor.py:830} INFO - Processing file /opt/airflow/dags/dagTask.py for tasks to queue
[2025-10-02T23:33:33.987+0000] {logging_mixin.py:188} INFO - [2025-10-02T23:33:33.986+0000] {dagbag.py:545} INFO - Filling up the DagBag from /opt/airflow/dags/dagTask.py
[2025-10-02T23:33:34.009+0000] {logging_mixin.py:188} INFO - [2025-10-02T23:33:34.007+0000] {dagbag.py:355} ERROR - Failed to import: /opt/airflow/dags/dagTask.py
Traceback (most recent call last):
  File "/home/airflow/.local/lib/python3.12/site-packages/airflow/models/dagbag.py", line 351, in parse
    loader.exec_module(new_module)
  File "<frozen importlib._bootstrap_external>", line 991, in exec_module
  File "<frozen importlib._bootstrap_external>", line 1129, in get_code
  File "<frozen importlib._bootstrap_external>", line 1059, in source_to_code
  File "<frozen importlib._bootstrap>", line 488, in _call_with_frames_removed
  File "/opt/airflow/dags/dagTask.py", line 9
    def hello 
              ^
SyntaxError: expected '('
[2025-10-02T23:33:34.011+0000] {processor.py:842} WARNING - No viable dags retrieved from /opt/airflow/dags/dagTask.py
[2025-10-02T23:33:34.043+0000] {processor.py:183} INFO - Processing /opt/airflow/dags/dagTask.py took 0.086 seconds
[2025-10-02T23:33:38.564+0000] {processor.py:161} INFO - Started process (PID=16585) to work on /opt/airflow/dags/dagTask.py
[2025-10-02T23:33:38.567+0000] {processor.py:830} INFO - Processing file /opt/airflow/dags/dagTask.py for tasks to queue
[2025-10-02T23:33:38.569+0000] {logging_mixin.py:188} INFO - [2025-10-02T23:33:38.568+0000] {dagbag.py:545} INFO - Filling up the DagBag from /opt/airflow/dags/dagTask.py
[2025-10-02T23:33:38.600+0000] {logging_mixin.py:188} INFO - [2025-10-02T23:33:38.598+0000] {dagbag.py:355} ERROR - Failed to import: /opt/airflow/dags/dagTask.py
Traceback (most recent call last):
  File "/home/airflow/.local/lib/python3.12/site-packages/airflow/models/dagbag.py", line 351, in parse
    loader.exec_module(new_module)
  File "<frozen importlib._bootstrap_external>", line 991, in exec_module
  File "<frozen importlib._bootstrap_external>", line 1129, in get_code
  File "<frozen importlib._bootstrap_external>", line 1059, in source_to_code
  File "<frozen importlib._bootstrap>", line 488, in _call_with_frames_removed
  File "/opt/airflow/dags/dagTask.py", line 9
    def hello 
              ^
SyntaxError: expected '('
[2025-10-02T23:33:38.602+0000] {processor.py:842} WARNING - No viable dags retrieved from /opt/airflow/dags/dagTask.py
[2025-10-02T23:33:38.653+0000] {processor.py:183} INFO - Processing /opt/airflow/dags/dagTask.py took 0.106 seconds
[2025-10-02T23:33:40.558+0000] {processor.py:161} INFO - Started process (PID=16595) to work on /opt/airflow/dags/dagTask.py
[2025-10-02T23:33:40.559+0000] {processor.py:830} INFO - Processing file /opt/airflow/dags/dagTask.py for tasks to queue
[2025-10-02T23:33:40.561+0000] {logging_mixin.py:188} INFO - [2025-10-02T23:33:40.561+0000] {dagbag.py:545} INFO - Filling up the DagBag from /opt/airflow/dags/dagTask.py
[2025-10-02T23:33:40.612+0000] {logging_mixin.py:188} INFO - [2025-10-02T23:33:40.608+0000] {dagbag.py:355} ERROR - Failed to import: /opt/airflow/dags/dagTask.py
Traceback (most recent call last):
  File "/home/airflow/.local/lib/python3.12/site-packages/airflow/models/dagbag.py", line 351, in parse
    loader.exec_module(new_module)
  File "<frozen importlib._bootstrap_external>", line 991, in exec_module
  File "<frozen importlib._bootstrap_external>", line 1129, in get_code
  File "<frozen importlib._bootstrap_external>", line 1059, in source_to_code
  File "<frozen importlib._bootstrap>", line 488, in _call_with_frames_removed
  File "/opt/airflow/dags/dagTask.py", line 9
    def hello 
              ^
SyntaxError: expected '('
[2025-10-02T23:33:40.614+0000] {processor.py:842} WARNING - No viable dags retrieved from /opt/airflow/dags/dagTask.py
[2025-10-02T23:33:40.668+0000] {processor.py:183} INFO - Processing /opt/airflow/dags/dagTask.py took 0.120 seconds
[2025-10-02T23:33:42.931+0000] {processor.py:161} INFO - Started process (PID=16598) to work on /opt/airflow/dags/dagTask.py
[2025-10-02T23:33:42.933+0000] {processor.py:830} INFO - Processing file /opt/airflow/dags/dagTask.py for tasks to queue
[2025-10-02T23:33:42.934+0000] {logging_mixin.py:188} INFO - [2025-10-02T23:33:42.934+0000] {dagbag.py:545} INFO - Filling up the DagBag from /opt/airflow/dags/dagTask.py
[2025-10-02T23:33:42.961+0000] {logging_mixin.py:188} INFO - [2025-10-02T23:33:42.959+0000] {dagbag.py:355} ERROR - Failed to import: /opt/airflow/dags/dagTask.py
Traceback (most recent call last):
  File "/home/airflow/.local/lib/python3.12/site-packages/airflow/models/dagbag.py", line 351, in parse
    loader.exec_module(new_module)
  File "<frozen importlib._bootstrap_external>", line 991, in exec_module
  File "<frozen importlib._bootstrap_external>", line 1129, in get_code
  File "<frozen importlib._bootstrap_external>", line 1059, in source_to_code
  File "<frozen importlib._bootstrap>", line 488, in _call_with_frames_removed
  File "/opt/airflow/dags/dagTask.py", line 9
    def hello 
              ^
SyntaxError: expected '('
[2025-10-02T23:33:42.962+0000] {processor.py:842} WARNING - No viable dags retrieved from /opt/airflow/dags/dagTask.py
[2025-10-02T23:33:43.007+0000] {processor.py:183} INFO - Processing /opt/airflow/dags/dagTask.py took 0.086 seconds
[2025-10-02T23:33:45.979+0000] {processor.py:161} INFO - Started process (PID=16607) to work on /opt/airflow/dags/dagTask.py
[2025-10-02T23:33:45.981+0000] {processor.py:830} INFO - Processing file /opt/airflow/dags/dagTask.py for tasks to queue
[2025-10-02T23:33:45.983+0000] {logging_mixin.py:188} INFO - [2025-10-02T23:33:45.982+0000] {dagbag.py:545} INFO - Filling up the DagBag from /opt/airflow/dags/dagTask.py
[2025-10-02T23:33:46.025+0000] {processor.py:840} INFO - DAG(s) 'Airflow_Depi' retrieved from /opt/airflow/dags/dagTask.py
[2025-10-02T23:33:46.064+0000] {logging_mixin.py:188} INFO - [2025-10-02T23:33:46.064+0000] {dag.py:3096} INFO - Sync 1 DAGs
[2025-10-02T23:33:46.085+0000] {logging_mixin.py:188} INFO - [2025-10-02T23:33:46.085+0000] {dag.py:3954} INFO - Setting next_dagrun for Airflow_Depi to None, run_after=None
[2025-10-02T23:33:46.135+0000] {processor.py:183} INFO - Processing /opt/airflow/dags/dagTask.py took 0.166 seconds
[2025-10-02T23:34:16.656+0000] {processor.py:161} INFO - Started process (PID=16661) to work on /opt/airflow/dags/dagTask.py
[2025-10-02T23:34:16.659+0000] {processor.py:830} INFO - Processing file /opt/airflow/dags/dagTask.py for tasks to queue
[2025-10-02T23:34:16.660+0000] {logging_mixin.py:188} INFO - [2025-10-02T23:34:16.660+0000] {dagbag.py:545} INFO - Filling up the DagBag from /opt/airflow/dags/dagTask.py
[2025-10-02T23:34:16.697+0000] {processor.py:840} INFO - DAG(s) 'Airflow_Depi' retrieved from /opt/airflow/dags/dagTask.py
[2025-10-02T23:34:16.763+0000] {logging_mixin.py:188} INFO - [2025-10-02T23:34:16.762+0000] {dag.py:3096} INFO - Sync 1 DAGs
[2025-10-02T23:34:16.810+0000] {logging_mixin.py:188} INFO - [2025-10-02T23:34:16.809+0000] {dag.py:3954} INFO - Setting next_dagrun for Airflow_Depi to None, run_after=None
[2025-10-02T23:34:16.855+0000] {processor.py:183} INFO - Processing /opt/airflow/dags/dagTask.py took 0.219 seconds
[2025-10-02T23:34:47.793+0000] {processor.py:161} INFO - Started process (PID=16715) to work on /opt/airflow/dags/dagTask.py
[2025-10-02T23:34:47.795+0000] {processor.py:830} INFO - Processing file /opt/airflow/dags/dagTask.py for tasks to queue
[2025-10-02T23:34:47.798+0000] {logging_mixin.py:188} INFO - [2025-10-02T23:34:47.797+0000] {dagbag.py:545} INFO - Filling up the DagBag from /opt/airflow/dags/dagTask.py
[2025-10-02T23:34:47.827+0000] {processor.py:840} INFO - DAG(s) 'Airflow_Depi' retrieved from /opt/airflow/dags/dagTask.py
[2025-10-02T23:34:47.864+0000] {logging_mixin.py:188} INFO - [2025-10-02T23:34:47.864+0000] {dag.py:3096} INFO - Sync 1 DAGs
[2025-10-02T23:34:47.888+0000] {logging_mixin.py:188} INFO - [2025-10-02T23:34:47.888+0000] {dag.py:3954} INFO - Setting next_dagrun for Airflow_Depi to None, run_after=None
[2025-10-02T23:34:47.921+0000] {processor.py:183} INFO - Processing /opt/airflow/dags/dagTask.py took 0.161 seconds
[2025-10-02T23:35:18.287+0000] {processor.py:161} INFO - Started process (PID=16769) to work on /opt/airflow/dags/dagTask.py
[2025-10-02T23:35:18.288+0000] {processor.py:830} INFO - Processing file /opt/airflow/dags/dagTask.py for tasks to queue
[2025-10-02T23:35:18.290+0000] {logging_mixin.py:188} INFO - [2025-10-02T23:35:18.289+0000] {dagbag.py:545} INFO - Filling up the DagBag from /opt/airflow/dags/dagTask.py
[2025-10-02T23:35:18.322+0000] {processor.py:840} INFO - DAG(s) 'Airflow_Depi' retrieved from /opt/airflow/dags/dagTask.py
[2025-10-02T23:35:18.358+0000] {logging_mixin.py:188} INFO - [2025-10-02T23:35:18.357+0000] {dag.py:3096} INFO - Sync 1 DAGs
[2025-10-02T23:35:18.385+0000] {logging_mixin.py:188} INFO - [2025-10-02T23:35:18.384+0000] {dag.py:3954} INFO - Setting next_dagrun for Airflow_Depi to None, run_after=None
[2025-10-02T23:35:18.425+0000] {processor.py:183} INFO - Processing /opt/airflow/dags/dagTask.py took 0.149 seconds
[2025-10-02T23:35:48.650+0000] {processor.py:161} INFO - Started process (PID=16823) to work on /opt/airflow/dags/dagTask.py
[2025-10-02T23:35:48.652+0000] {processor.py:830} INFO - Processing file /opt/airflow/dags/dagTask.py for tasks to queue
[2025-10-02T23:35:48.653+0000] {logging_mixin.py:188} INFO - [2025-10-02T23:35:48.653+0000] {dagbag.py:545} INFO - Filling up the DagBag from /opt/airflow/dags/dagTask.py
[2025-10-02T23:35:48.683+0000] {processor.py:840} INFO - DAG(s) 'Airflow_Depi' retrieved from /opt/airflow/dags/dagTask.py
[2025-10-02T23:35:48.713+0000] {logging_mixin.py:188} INFO - [2025-10-02T23:35:48.713+0000] {dag.py:3096} INFO - Sync 1 DAGs
[2025-10-02T23:35:48.732+0000] {logging_mixin.py:188} INFO - [2025-10-02T23:35:48.732+0000] {dag.py:3954} INFO - Setting next_dagrun for Airflow_Depi to None, run_after=None
[2025-10-02T23:35:48.771+0000] {processor.py:183} INFO - Processing /opt/airflow/dags/dagTask.py took 0.130 seconds
[2025-10-02T23:36:19.220+0000] {processor.py:161} INFO - Started process (PID=16877) to work on /opt/airflow/dags/dagTask.py
[2025-10-02T23:36:19.221+0000] {processor.py:830} INFO - Processing file /opt/airflow/dags/dagTask.py for tasks to queue
[2025-10-02T23:36:19.223+0000] {logging_mixin.py:188} INFO - [2025-10-02T23:36:19.222+0000] {dagbag.py:545} INFO - Filling up the DagBag from /opt/airflow/dags/dagTask.py
[2025-10-02T23:36:19.251+0000] {processor.py:840} INFO - DAG(s) 'Airflow_Depi' retrieved from /opt/airflow/dags/dagTask.py
[2025-10-02T23:36:19.289+0000] {logging_mixin.py:188} INFO - [2025-10-02T23:36:19.289+0000] {dag.py:3096} INFO - Sync 1 DAGs
[2025-10-02T23:36:19.312+0000] {logging_mixin.py:188} INFO - [2025-10-02T23:36:19.311+0000] {dag.py:3954} INFO - Setting next_dagrun for Airflow_Depi to None, run_after=None
[2025-10-02T23:36:19.346+0000] {processor.py:183} INFO - Processing /opt/airflow/dags/dagTask.py took 0.141 seconds
[2025-10-02T23:36:49.984+0000] {processor.py:161} INFO - Started process (PID=16931) to work on /opt/airflow/dags/dagTask.py
[2025-10-02T23:36:49.987+0000] {processor.py:830} INFO - Processing file /opt/airflow/dags/dagTask.py for tasks to queue
[2025-10-02T23:36:49.989+0000] {logging_mixin.py:188} INFO - [2025-10-02T23:36:49.989+0000] {dagbag.py:545} INFO - Filling up the DagBag from /opt/airflow/dags/dagTask.py
[2025-10-02T23:36:50.035+0000] {processor.py:840} INFO - DAG(s) 'Airflow_Depi' retrieved from /opt/airflow/dags/dagTask.py
[2025-10-02T23:36:50.076+0000] {logging_mixin.py:188} INFO - [2025-10-02T23:36:50.076+0000] {dag.py:3096} INFO - Sync 1 DAGs
[2025-10-02T23:36:50.097+0000] {logging_mixin.py:188} INFO - [2025-10-02T23:36:50.097+0000] {dag.py:3954} INFO - Setting next_dagrun for Airflow_Depi to None, run_after=None
[2025-10-02T23:36:50.134+0000] {processor.py:183} INFO - Processing /opt/airflow/dags/dagTask.py took 0.166 seconds
[2025-10-02T23:37:20.417+0000] {processor.py:161} INFO - Started process (PID=16985) to work on /opt/airflow/dags/dagTask.py
[2025-10-02T23:37:20.419+0000] {processor.py:830} INFO - Processing file /opt/airflow/dags/dagTask.py for tasks to queue
[2025-10-02T23:37:20.420+0000] {logging_mixin.py:188} INFO - [2025-10-02T23:37:20.420+0000] {dagbag.py:545} INFO - Filling up the DagBag from /opt/airflow/dags/dagTask.py
[2025-10-02T23:37:20.453+0000] {processor.py:840} INFO - DAG(s) 'Airflow_Depi' retrieved from /opt/airflow/dags/dagTask.py
[2025-10-02T23:37:20.497+0000] {logging_mixin.py:188} INFO - [2025-10-02T23:37:20.496+0000] {dag.py:3096} INFO - Sync 1 DAGs
[2025-10-02T23:37:20.518+0000] {logging_mixin.py:188} INFO - [2025-10-02T23:37:20.518+0000] {dag.py:3954} INFO - Setting next_dagrun for Airflow_Depi to None, run_after=None
[2025-10-02T23:37:20.555+0000] {processor.py:183} INFO - Processing /opt/airflow/dags/dagTask.py took 0.154 seconds
[2025-10-02T23:37:51.454+0000] {processor.py:161} INFO - Started process (PID=17039) to work on /opt/airflow/dags/dagTask.py
[2025-10-02T23:37:51.456+0000] {processor.py:830} INFO - Processing file /opt/airflow/dags/dagTask.py for tasks to queue
[2025-10-02T23:37:51.459+0000] {logging_mixin.py:188} INFO - [2025-10-02T23:37:51.458+0000] {dagbag.py:545} INFO - Filling up the DagBag from /opt/airflow/dags/dagTask.py
[2025-10-02T23:37:51.492+0000] {processor.py:840} INFO - DAG(s) 'Airflow_Depi' retrieved from /opt/airflow/dags/dagTask.py
[2025-10-02T23:37:51.522+0000] {logging_mixin.py:188} INFO - [2025-10-02T23:37:51.522+0000] {dag.py:3096} INFO - Sync 1 DAGs
[2025-10-02T23:37:51.541+0000] {logging_mixin.py:188} INFO - [2025-10-02T23:37:51.541+0000] {dag.py:3954} INFO - Setting next_dagrun for Airflow_Depi to None, run_after=None
[2025-10-02T23:37:51.572+0000] {processor.py:183} INFO - Processing /opt/airflow/dags/dagTask.py took 0.139 seconds
[2025-10-02T23:38:22.097+0000] {processor.py:161} INFO - Started process (PID=17093) to work on /opt/airflow/dags/dagTask.py
[2025-10-02T23:38:22.103+0000] {processor.py:830} INFO - Processing file /opt/airflow/dags/dagTask.py for tasks to queue
[2025-10-02T23:38:22.107+0000] {logging_mixin.py:188} INFO - [2025-10-02T23:38:22.106+0000] {dagbag.py:545} INFO - Filling up the DagBag from /opt/airflow/dags/dagTask.py
[2025-10-02T23:38:22.164+0000] {processor.py:840} INFO - DAG(s) 'Airflow_Depi' retrieved from /opt/airflow/dags/dagTask.py
[2025-10-02T23:38:22.279+0000] {logging_mixin.py:188} INFO - [2025-10-02T23:38:22.279+0000] {dag.py:3096} INFO - Sync 1 DAGs
[2025-10-02T23:38:22.358+0000] {logging_mixin.py:188} INFO - [2025-10-02T23:38:22.358+0000] {dag.py:3954} INFO - Setting next_dagrun for Airflow_Depi to None, run_after=None
[2025-10-02T23:38:22.469+0000] {processor.py:183} INFO - Processing /opt/airflow/dags/dagTask.py took 0.389 seconds
[2025-10-02T23:38:52.977+0000] {processor.py:161} INFO - Started process (PID=17147) to work on /opt/airflow/dags/dagTask.py
[2025-10-02T23:38:52.982+0000] {processor.py:830} INFO - Processing file /opt/airflow/dags/dagTask.py for tasks to queue
[2025-10-02T23:38:52.985+0000] {logging_mixin.py:188} INFO - [2025-10-02T23:38:52.984+0000] {dagbag.py:545} INFO - Filling up the DagBag from /opt/airflow/dags/dagTask.py
[2025-10-02T23:38:53.037+0000] {processor.py:840} INFO - DAG(s) 'Airflow_Depi' retrieved from /opt/airflow/dags/dagTask.py
[2025-10-02T23:38:53.096+0000] {logging_mixin.py:188} INFO - [2025-10-02T23:38:53.096+0000] {dag.py:3096} INFO - Sync 1 DAGs
[2025-10-02T23:38:53.156+0000] {logging_mixin.py:188} INFO - [2025-10-02T23:38:53.155+0000] {dag.py:3954} INFO - Setting next_dagrun for Airflow_Depi to None, run_after=None
[2025-10-02T23:38:53.191+0000] {processor.py:183} INFO - Processing /opt/airflow/dags/dagTask.py took 0.235 seconds
[2025-10-02T23:39:23.588+0000] {processor.py:161} INFO - Started process (PID=17201) to work on /opt/airflow/dags/dagTask.py
[2025-10-02T23:39:23.589+0000] {processor.py:830} INFO - Processing file /opt/airflow/dags/dagTask.py for tasks to queue
[2025-10-02T23:39:23.591+0000] {logging_mixin.py:188} INFO - [2025-10-02T23:39:23.590+0000] {dagbag.py:545} INFO - Filling up the DagBag from /opt/airflow/dags/dagTask.py
[2025-10-02T23:39:23.615+0000] {processor.py:840} INFO - DAG(s) 'Airflow_Depi' retrieved from /opt/airflow/dags/dagTask.py
[2025-10-02T23:39:23.649+0000] {logging_mixin.py:188} INFO - [2025-10-02T23:39:23.649+0000] {dag.py:3096} INFO - Sync 1 DAGs
[2025-10-02T23:39:23.677+0000] {logging_mixin.py:188} INFO - [2025-10-02T23:39:23.677+0000] {dag.py:3954} INFO - Setting next_dagrun for Airflow_Depi to None, run_after=None
[2025-10-02T23:39:23.723+0000] {processor.py:183} INFO - Processing /opt/airflow/dags/dagTask.py took 0.149 seconds
[2025-10-02T23:39:54.016+0000] {processor.py:161} INFO - Started process (PID=17255) to work on /opt/airflow/dags/dagTask.py
[2025-10-02T23:39:54.018+0000] {processor.py:830} INFO - Processing file /opt/airflow/dags/dagTask.py for tasks to queue
[2025-10-02T23:39:54.020+0000] {logging_mixin.py:188} INFO - [2025-10-02T23:39:54.019+0000] {dagbag.py:545} INFO - Filling up the DagBag from /opt/airflow/dags/dagTask.py
[2025-10-02T23:39:54.048+0000] {processor.py:840} INFO - DAG(s) 'Airflow_Depi' retrieved from /opt/airflow/dags/dagTask.py
[2025-10-02T23:39:54.097+0000] {logging_mixin.py:188} INFO - [2025-10-02T23:39:54.096+0000] {dag.py:3096} INFO - Sync 1 DAGs
[2025-10-02T23:39:54.129+0000] {logging_mixin.py:188} INFO - [2025-10-02T23:39:54.129+0000] {dag.py:3954} INFO - Setting next_dagrun for Airflow_Depi to None, run_after=None
[2025-10-02T23:39:54.175+0000] {processor.py:183} INFO - Processing /opt/airflow/dags/dagTask.py took 0.174 seconds
[2025-10-02T23:40:24.401+0000] {processor.py:161} INFO - Started process (PID=17309) to work on /opt/airflow/dags/dagTask.py
[2025-10-02T23:40:24.404+0000] {processor.py:830} INFO - Processing file /opt/airflow/dags/dagTask.py for tasks to queue
[2025-10-02T23:40:24.415+0000] {logging_mixin.py:188} INFO - [2025-10-02T23:40:24.409+0000] {dagbag.py:545} INFO - Filling up the DagBag from /opt/airflow/dags/dagTask.py
[2025-10-02T23:40:24.447+0000] {processor.py:840} INFO - DAG(s) 'Airflow_Depi' retrieved from /opt/airflow/dags/dagTask.py
[2025-10-02T23:40:24.479+0000] {logging_mixin.py:188} INFO - [2025-10-02T23:40:24.479+0000] {dag.py:3096} INFO - Sync 1 DAGs
[2025-10-02T23:40:24.500+0000] {logging_mixin.py:188} INFO - [2025-10-02T23:40:24.499+0000] {dag.py:3954} INFO - Setting next_dagrun for Airflow_Depi to None, run_after=None
[2025-10-02T23:40:24.525+0000] {processor.py:183} INFO - Processing /opt/airflow/dags/dagTask.py took 0.143 seconds
[2025-10-02T23:40:54.800+0000] {processor.py:161} INFO - Started process (PID=17363) to work on /opt/airflow/dags/dagTask.py
[2025-10-02T23:40:54.802+0000] {processor.py:830} INFO - Processing file /opt/airflow/dags/dagTask.py for tasks to queue
[2025-10-02T23:40:54.804+0000] {logging_mixin.py:188} INFO - [2025-10-02T23:40:54.803+0000] {dagbag.py:545} INFO - Filling up the DagBag from /opt/airflow/dags/dagTask.py
[2025-10-02T23:40:54.832+0000] {processor.py:840} INFO - DAG(s) 'Airflow_Depi' retrieved from /opt/airflow/dags/dagTask.py
[2025-10-02T23:40:54.864+0000] {logging_mixin.py:188} INFO - [2025-10-02T23:40:54.864+0000] {dag.py:3096} INFO - Sync 1 DAGs
[2025-10-02T23:40:54.905+0000] {logging_mixin.py:188} INFO - [2025-10-02T23:40:54.905+0000] {dag.py:3954} INFO - Setting next_dagrun for Airflow_Depi to None, run_after=None
[2025-10-02T23:40:54.947+0000] {processor.py:183} INFO - Processing /opt/airflow/dags/dagTask.py took 0.160 seconds
[2025-10-02T23:41:25.516+0000] {processor.py:161} INFO - Started process (PID=17417) to work on /opt/airflow/dags/dagTask.py
[2025-10-02T23:41:25.518+0000] {processor.py:830} INFO - Processing file /opt/airflow/dags/dagTask.py for tasks to queue
[2025-10-02T23:41:25.520+0000] {logging_mixin.py:188} INFO - [2025-10-02T23:41:25.519+0000] {dagbag.py:545} INFO - Filling up the DagBag from /opt/airflow/dags/dagTask.py
[2025-10-02T23:41:25.549+0000] {processor.py:840} INFO - DAG(s) 'Airflow_Depi' retrieved from /opt/airflow/dags/dagTask.py
[2025-10-02T23:41:25.581+0000] {logging_mixin.py:188} INFO - [2025-10-02T23:41:25.580+0000] {dag.py:3096} INFO - Sync 1 DAGs
[2025-10-02T23:41:25.600+0000] {logging_mixin.py:188} INFO - [2025-10-02T23:41:25.600+0000] {dag.py:3954} INFO - Setting next_dagrun for Airflow_Depi to None, run_after=None
[2025-10-02T23:41:25.629+0000] {processor.py:183} INFO - Processing /opt/airflow/dags/dagTask.py took 0.123 seconds
[2025-10-02T23:41:55.855+0000] {processor.py:161} INFO - Started process (PID=17471) to work on /opt/airflow/dags/dagTask.py
[2025-10-02T23:41:55.857+0000] {processor.py:830} INFO - Processing file /opt/airflow/dags/dagTask.py for tasks to queue
[2025-10-02T23:41:55.859+0000] {logging_mixin.py:188} INFO - [2025-10-02T23:41:55.858+0000] {dagbag.py:545} INFO - Filling up the DagBag from /opt/airflow/dags/dagTask.py
[2025-10-02T23:41:55.889+0000] {processor.py:840} INFO - DAG(s) 'Airflow_Depi' retrieved from /opt/airflow/dags/dagTask.py
[2025-10-02T23:41:55.922+0000] {logging_mixin.py:188} INFO - [2025-10-02T23:41:55.922+0000] {dag.py:3096} INFO - Sync 1 DAGs
[2025-10-02T23:41:55.942+0000] {logging_mixin.py:188} INFO - [2025-10-02T23:41:55.942+0000] {dag.py:3954} INFO - Setting next_dagrun for Airflow_Depi to None, run_after=None
[2025-10-02T23:41:55.983+0000] {processor.py:183} INFO - Processing /opt/airflow/dags/dagTask.py took 0.139 seconds
