[2025-10-02T22:29:03.355+0000] {local_task_job_runner.py:120} INFO - ::group::Pre task execution logs
[2025-10-02T22:29:03.393+0000] {taskinstance.py:2076} INFO - Dependencies all met for dep_context=non-requeueable deps ti=<TaskInstance: my_first_dag.task_hello scheduled__2025-10-02T22:28:00+00:00 [queued]>
[2025-10-02T22:29:03.405+0000] {taskinstance.py:2076} INFO - Dependencies all met for dep_context=requeueable deps ti=<TaskInstance: my_first_dag.task_hello scheduled__2025-10-02T22:28:00+00:00 [queued]>
[2025-10-02T22:29:03.405+0000] {taskinstance.py:2306} INFO - Starting attempt 1 of 1
[2025-10-02T22:29:03.429+0000] {taskinstance.py:2330} INFO - Executing <Task(BashOperator): task_hello> on 2025-10-02 22:28:00+00:00
[2025-10-02T22:29:03.446+0000] {warnings.py:112} WARNING - /home/***/.local/lib/python3.12/site-packages/***/task/task_runner/standard_task_runner.py:61: DeprecationWarning: This process (pid=58) is multi-threaded, use of fork() may lead to deadlocks in the child.
  pid = os.fork()

[2025-10-02T22:29:03.452+0000] {standard_task_runner.py:63} INFO - Started process 60 to run task
[2025-10-02T22:29:03.451+0000] {standard_task_runner.py:90} INFO - Running: ['***', 'tasks', 'run', 'my_first_dag', 'task_hello', 'scheduled__2025-10-02T22:28:00+00:00', '--job-id', '5', '--raw', '--subdir', 'DAGS_FOLDER/dag1.py', '--cfg-path', '/tmp/tmptf2cbt7i']
[2025-10-02T22:29:03.457+0000] {standard_task_runner.py:91} INFO - Job 5: Subtask task_hello
[2025-10-02T22:29:03.481+0000] {warnings.py:112} WARNING - /home/***/.local/lib/python3.12/site-packages/***/settings.py:195: DeprecationWarning: The sql_alchemy_conn option in [core] has been moved to the sql_alchemy_conn option in [database] - the old setting has been used, but please update your config.
  SQL_ALCHEMY_CONN = conf.get("database", "SQL_ALCHEMY_CONN")

[2025-10-02T22:29:03.562+0000] {task_command.py:426} INFO - Running <TaskInstance: my_first_dag.task_hello scheduled__2025-10-02T22:28:00+00:00 [running]> on host 83331e532c26
[2025-10-02T22:29:03.833+0000] {taskinstance.py:2648} INFO - Exporting env vars: AIRFLOW_CTX_DAG_OWNER='***' AIRFLOW_CTX_DAG_ID='my_first_dag' AIRFLOW_CTX_TASK_ID='task_hello' AIRFLOW_CTX_EXECUTION_DATE='2025-10-02T22:28:00+00:00' AIRFLOW_CTX_TRY_NUMBER='1' AIRFLOW_CTX_DAG_RUN_ID='scheduled__2025-10-02T22:28:00+00:00'
[2025-10-02T22:29:03.839+0000] {taskinstance.py:430} INFO - ::endgroup::
[2025-10-02T22:29:03.841+0000] {subprocess.py:63} INFO - Tmp dir root location: /tmp
[2025-10-02T22:29:03.844+0000] {subprocess.py:75} INFO - Running command: ['/usr/bin/bash', '-c', 'echo "My name is Salsabel"']
[2025-10-02T22:29:03.875+0000] {subprocess.py:86} INFO - Output:
[2025-10-02T22:29:03.880+0000] {subprocess.py:93} INFO - My name is Salsabel
[2025-10-02T22:29:03.882+0000] {subprocess.py:97} INFO - Command exited with return code 0
[2025-10-02T22:29:03.885+0000] {taskinstance.py:441} INFO - ::group::Post task execution logs
[2025-10-02T22:29:03.958+0000] {taskinstance.py:1206} INFO - Marking task as SUCCESS. dag_id=my_first_dag, task_id=task_hello, run_id=scheduled__2025-10-02T22:28:00+00:00, execution_date=20251002T222800, start_date=20251002T222903, end_date=20251002T222903
[2025-10-02T22:29:04.032+0000] {local_task_job_runner.py:240} INFO - Task exited with return code 0
[2025-10-02T22:29:04.078+0000] {taskinstance.py:3503} INFO - 0 downstream tasks scheduled from follow-on schedule check
[2025-10-02T22:29:04.083+0000] {local_task_job_runner.py:222} INFO - ::endgroup::
