[2025-10-02T22:40:02.330+0000] {local_task_job_runner.py:120} INFO - ::group::Pre task execution logs
[2025-10-02T22:40:02.365+0000] {taskinstance.py:2076} INFO - Dependencies all met for dep_context=non-requeueable deps ti=<TaskInstance: my_first_dag.task_hello scheduled__2025-10-02T22:39:00+00:00 [queued]>
[2025-10-02T22:40:02.382+0000] {taskinstance.py:2076} INFO - Dependencies all met for dep_context=requeueable deps ti=<TaskInstance: my_first_dag.task_hello scheduled__2025-10-02T22:39:00+00:00 [queued]>
[2025-10-02T22:40:02.383+0000] {taskinstance.py:2306} INFO - Starting attempt 1 of 1
[2025-10-02T22:40:02.407+0000] {taskinstance.py:2330} INFO - Executing <Task(BashOperator): task_hello> on 2025-10-02 22:39:00+00:00
[2025-10-02T22:40:02.421+0000] {warnings.py:112} WARNING - /home/***/.local/lib/python3.12/site-packages/***/task/task_runner/standard_task_runner.py:61: DeprecationWarning: This process (pid=102) is multi-threaded, use of fork() may lead to deadlocks in the child.
  pid = os.fork()

[2025-10-02T22:40:02.427+0000] {standard_task_runner.py:63} INFO - Started process 104 to run task
[2025-10-02T22:40:02.427+0000] {standard_task_runner.py:90} INFO - Running: ['***', 'tasks', 'run', 'my_first_dag', 'task_hello', 'scheduled__2025-10-02T22:39:00+00:00', '--job-id', '16', '--raw', '--subdir', 'DAGS_FOLDER/dag1.py', '--cfg-path', '/tmp/tmpue9afudr']
[2025-10-02T22:40:02.431+0000] {standard_task_runner.py:91} INFO - Job 16: Subtask task_hello
[2025-10-02T22:40:02.452+0000] {warnings.py:112} WARNING - /home/***/.local/lib/python3.12/site-packages/***/settings.py:195: DeprecationWarning: The sql_alchemy_conn option in [core] has been moved to the sql_alchemy_conn option in [database] - the old setting has been used, but please update your config.
  SQL_ALCHEMY_CONN = conf.get("database", "SQL_ALCHEMY_CONN")

[2025-10-02T22:40:02.529+0000] {task_command.py:426} INFO - Running <TaskInstance: my_first_dag.task_hello scheduled__2025-10-02T22:39:00+00:00 [running]> on host 83331e532c26
[2025-10-02T22:40:02.696+0000] {taskinstance.py:2648} INFO - Exporting env vars: AIRFLOW_CTX_DAG_OWNER='***' AIRFLOW_CTX_DAG_ID='my_first_dag' AIRFLOW_CTX_TASK_ID='task_hello' AIRFLOW_CTX_EXECUTION_DATE='2025-10-02T22:39:00+00:00' AIRFLOW_CTX_TRY_NUMBER='1' AIRFLOW_CTX_DAG_RUN_ID='scheduled__2025-10-02T22:39:00+00:00'
[2025-10-02T22:40:02.702+0000] {taskinstance.py:430} INFO - ::endgroup::
[2025-10-02T22:40:02.704+0000] {subprocess.py:63} INFO - Tmp dir root location: /tmp
[2025-10-02T22:40:02.708+0000] {subprocess.py:75} INFO - Running command: ['/usr/bin/bash', '-c', 'echo "My name is Salsabel"']
[2025-10-02T22:40:02.738+0000] {subprocess.py:86} INFO - Output:
[2025-10-02T22:40:02.743+0000] {subprocess.py:93} INFO - My name is Salsabel
[2025-10-02T22:40:02.745+0000] {subprocess.py:97} INFO - Command exited with return code 0
[2025-10-02T22:40:02.747+0000] {taskinstance.py:441} INFO - ::group::Post task execution logs
[2025-10-02T22:40:02.820+0000] {taskinstance.py:1206} INFO - Marking task as SUCCESS. dag_id=my_first_dag, task_id=task_hello, run_id=scheduled__2025-10-02T22:39:00+00:00, execution_date=20251002T223900, start_date=20251002T224002, end_date=20251002T224002
[2025-10-02T22:40:02.885+0000] {local_task_job_runner.py:240} INFO - Task exited with return code 0
[2025-10-02T22:40:02.938+0000] {taskinstance.py:3503} INFO - 0 downstream tasks scheduled from follow-on schedule check
[2025-10-02T22:40:02.946+0000] {local_task_job_runner.py:222} INFO - ::endgroup::
