[2025-10-02T23:28:08.850+0000] {local_task_job_runner.py:120} INFO - ::group::Pre task execution logs
[2025-10-02T23:28:08.888+0000] {taskinstance.py:2076} INFO - Dependencies all met for dep_context=non-requeueable deps ti=<TaskInstance: Airflow_Depi.print_welcome manual__2025-10-02T23:28:01.127084+00:00 [queued]>
[2025-10-02T23:28:08.900+0000] {taskinstance.py:2076} INFO - Dependencies all met for dep_context=requeueable deps ti=<TaskInstance: Airflow_Depi.print_welcome manual__2025-10-02T23:28:01.127084+00:00 [queued]>
[2025-10-02T23:28:08.900+0000] {taskinstance.py:2306} INFO - Starting attempt 1 of 1
[2025-10-02T23:28:08.924+0000] {taskinstance.py:2330} INFO - Executing <Task(PythonOperator): print_welcome> on 2025-10-02 23:28:01.127084+00:00
[2025-10-02T23:28:08.934+0000] {warnings.py:112} WARNING - /home/***/.local/lib/python3.12/site-packages/***/task/task_runner/standard_task_runner.py:61: DeprecationWarning: This process (pid=110) is multi-threaded, use of fork() may lead to deadlocks in the child.
  pid = os.fork()

[2025-10-02T23:28:08.937+0000] {standard_task_runner.py:63} INFO - Started process 112 to run task
[2025-10-02T23:28:08.938+0000] {standard_task_runner.py:90} INFO - Running: ['***', 'tasks', 'run', 'Airflow_Depi', 'print_welcome', 'manual__2025-10-02T23:28:01.127084+00:00', '--job-id', '18', '--raw', '--subdir', 'DAGS_FOLDER/dagTask.py', '--cfg-path', '/tmp/tmps5zbcd69']
[2025-10-02T23:28:08.944+0000] {standard_task_runner.py:91} INFO - Job 18: Subtask print_welcome
[2025-10-02T23:28:08.965+0000] {warnings.py:112} WARNING - /home/***/.local/lib/python3.12/site-packages/***/settings.py:195: DeprecationWarning: The sql_alchemy_conn option in [core] has been moved to the sql_alchemy_conn option in [database] - the old setting has been used, but please update your config.
  SQL_ALCHEMY_CONN = conf.get("database", "SQL_ALCHEMY_CONN")

[2025-10-02T23:28:09.038+0000] {task_command.py:426} INFO - Running <TaskInstance: Airflow_Depi.print_welcome manual__2025-10-02T23:28:01.127084+00:00 [running]> on host 83331e532c26
[2025-10-02T23:28:09.171+0000] {taskinstance.py:2648} INFO - Exporting env vars: AIRFLOW_CTX_DAG_OWNER='***' AIRFLOW_CTX_DAG_ID='Airflow_Depi' AIRFLOW_CTX_TASK_ID='print_welcome' AIRFLOW_CTX_EXECUTION_DATE='2025-10-02T23:28:01.127084+00:00' AIRFLOW_CTX_TRY_NUMBER='1' AIRFLOW_CTX_DAG_RUN_ID='manual__2025-10-02T23:28:01.127084+00:00'
[2025-10-02T23:28:09.174+0000] {taskinstance.py:430} INFO - ::endgroup::
[2025-10-02T23:28:09.175+0000] {logging_mixin.py:188} INFO - Welcome! My name is Salsabel Osama
[2025-10-02T23:28:09.176+0000] {python.py:237} INFO - Done. Returned value was: None
[2025-10-02T23:28:09.177+0000] {taskinstance.py:441} INFO - ::group::Post task execution logs
[2025-10-02T23:28:09.189+0000] {taskinstance.py:1206} INFO - Marking task as SUCCESS. dag_id=Airflow_Depi, task_id=print_welcome, run_id=manual__2025-10-02T23:28:01.127084+00:00, execution_date=20251002T232801, start_date=20251002T232808, end_date=20251002T232809
[2025-10-02T23:28:09.234+0000] {local_task_job_runner.py:240} INFO - Task exited with return code 0
[2025-10-02T23:28:09.338+0000] {taskinstance.py:3503} INFO - 1 downstream tasks scheduled from follow-on schedule check
[2025-10-02T23:28:09.348+0000] {local_task_job_runner.py:222} INFO - ::endgroup::
